2021-04-14 06:36:415 INFO  Executor :16 - Logger configed
2021-04-14 06:36:422 INFO  Executor :17 - Logger configed
2021-04-14 06:36:422 INFO  Executor :18 - Logger configed
2021-04-14 06:36:423 INFO  Executor :19 - Logger info
2021-04-14 06:36:423 ERROR Executor :20 - Logger info
2021-04-14 06:37:642 INFO  Executor :16 - Logger configed
2021-04-14 06:37:646 INFO  Executor :17 - Logger configed
2021-04-14 06:37:646 INFO  Executor :18 - Logger configed
2021-04-14 06:37:646 INFO  Executor :19 - Logger info
2021-04-14 06:37:646 ERROR Executor :20 - Logger info
2021-04-14 11:11:978 INFO  Executor :16 - Logger configed
2021-04-14 11:11:983 INFO  Executor :17 - Logger configed
2021-04-14 11:11:983 INFO  Executor :18 - Logger configed
2021-04-14 11:11:983 INFO  Executor :19 - Logger info
2021-04-14 11:11:983 ERROR Executor :20 - Logger info
2021-04-17 09:45:832 INFO  tb :63 - Opening browser
2021-04-17 09:46:431 INFO  tb :42 - Taking Screenshot
2021-04-17 09:46:55 INFO  tb :42 - Taking Screenshot
2021-04-17 09:46:933 INFO  tb :42 - Taking Screenshot
2021-04-17 10:01:223 INFO  tb :62 - Opening browser
2021-04-17 10:01:722 INFO  tb :41 - Taking Screenshot
2021-04-17 10:01:722 INFO  tb :41 - Taking Screenshot
2021-04-17 10:01:634 INFO  tb :41 - Taking Screenshot
2021-04-17 11:24:794 INFO  tb :62 - Opening browser
2021-04-17 11:25:594 INFO  tb :41 - Taking Screenshot
2021-04-17 11:25:598 INFO  tb :41 - Taking Screenshot
2021-04-17 11:25:248 INFO  tb :62 - Opening browser
2021-04-17 11:26:276 INFO  tb :41 - Taking Screenshot
2021-04-17 11:26:286 INFO  tb :41 - Taking Screenshot
2021-04-17 11:27:48 INFO  tb :62 - Opening browser
2021-04-17 11:34:903 INFO  tb :62 - Opening browser
2021-04-17 11:34:730 INFO  tb :41 - Taking Screenshot
2021-04-17 11:34:89 INFO  tb :41 - Taking Screenshot
2021-04-17 11:35:693 INFO  tb :41 - Taking Screenshot
2021-04-17 11:35:158 INFO  tb :41 - Taking Screenshot
2021-04-17 11:36:19 INFO  tb :62 - Opening browser
2021-04-17 11:37:84 INFO  tb :41 - Taking Screenshot
2021-04-17 11:37:423 INFO  tb :41 - Taking Screenshot
2021-04-17 11:37:869 INFO  tb :41 - Taking Screenshot
2021-04-17 11:37:181 INFO  tb :41 - Taking Screenshot
2021-04-17 11:39:933 INFO  tb :62 - Opening browser
2021-04-17 11:40:394 INFO  tb :41 - Taking Screenshot
2021-04-17 11:40:766 INFO  tb :41 - Taking Screenshot
2021-04-17 11:40:37 INFO  tb :41 - Taking Screenshot
2021-04-17 11:40:189 INFO  tb :41 - Taking Screenshot
2021-04-20 01:03:561 INFO  tb :62 - Opening browser
2021-04-20 01:05:37 INFO  tb :62 - Opening browser
